2026-01-08 19:11:38,025 - INFO - ==================================================
2026-01-08 19:11:38,025 - INFO - Lead Sheets Monitor (dry_run=False)
2026-01-08 19:11:38,025 - INFO - ==================================================
2026-01-08 19:11:38,025 - INFO - Loaded tracker with 2 entries
2026-01-08 19:11:38,025 - INFO - Connecting to Google Sheets API...
2026-01-08 19:11:38,050 - INFO - file_cache is only supported with oauth2client<4.0.0
2026-01-08 19:11:38,052 - INFO - Connected
2026-01-08 19:11:39,410 - INFO - Checking sheet: Eden Prairie (gid=0)
2026-01-08 19:11:39,873 - INFO - Checking sheet: Savage (gid=22953747)
2026-01-08 19:11:40,189 - INFO - No new entries to process
2026-01-08 19:11:40,190 - INFO - Tracker saved with 2 entries
2026-01-08 19:11:40,191 - INFO - Monitor run completed
2026-01-08 19:11:46,627 - INFO - ==================================================
2026-01-08 19:11:46,627 - INFO - Lead Sheets Monitor (dry_run=False)
2026-01-08 19:11:46,627 - INFO - ==================================================
2026-01-08 19:11:46,627 - WARNING - Resetting tracker - all entries will be treated as new!
2026-01-08 19:11:46,628 - INFO - Connecting to Google Sheets API...
2026-01-08 19:11:46,653 - INFO - file_cache is only supported with oauth2client<4.0.0
2026-01-08 19:11:46,654 - INFO - Connected
2026-01-08 19:11:47,661 - INFO - Checking sheet: Eden Prairie (gid=0)
2026-01-08 19:11:48,073 - INFO - Checking sheet: Savage (gid=22953747)
2026-01-08 19:11:48,466 - INFO - No new entries to process
2026-01-08 19:11:48,468 - INFO - Tracker saved with 0 entries
2026-01-08 19:11:48,469 - INFO - Monitor run completed
2026-01-08 19:11:56,404 - INFO - ==================================================
2026-01-08 19:11:56,404 - INFO - Lead Sheets Monitor (dry_run=True)
2026-01-08 19:11:56,405 - INFO - ==================================================
2026-01-08 19:11:56,405 - INFO - Loaded tracker with 0 entries
2026-01-08 19:11:56,405 - INFO - Connecting to Google Sheets API...
2026-01-08 19:11:56,428 - INFO - file_cache is only supported with oauth2client<4.0.0
2026-01-08 19:11:56,431 - INFO - Connected
2026-01-08 19:11:57,461 - INFO - Checking sheet: Eden Prairie (gid=0)
2026-01-08 19:11:57,851 - INFO - Checking sheet: Savage (gid=22953747)
2026-01-08 19:11:58,172 - INFO - No new entries to process
2026-01-08 19:11:58,172 - INFO - [DRY RUN] Tracker not saved
2026-01-08 19:11:58,172 - INFO - Monitor run completed
2026-01-08 19:14:03,262 - INFO - ==================================================
2026-01-08 19:14:03,262 - INFO - Lead Sheets Monitor (dry_run=False)
2026-01-08 19:14:03,262 - INFO - ==================================================
2026-01-08 19:14:03,262 - INFO - Loaded tracker with 0 entries
2026-01-08 19:14:03,262 - INFO - Connecting to Google Sheets API...
2026-01-08 19:14:03,288 - INFO - Connected
2026-01-08 19:14:04,284 - INFO - Checking sheet: Eden Prairie (gid=0)
2026-01-08 19:14:04,909 - INFO - Checking sheet: Savage (gid=22953747)
2026-01-08 19:14:05,393 - INFO - Checking sheet: Stamford (gid=870573817)
2026-01-08 19:14:05,572 - INFO -   NEW ENTRY at row 2
2026-01-08 19:14:05,573 - INFO -   NEW ENTRY at row 3
2026-01-08 19:14:05,573 - INFO - Processing 2 new entries
2026-01-08 19:14:06,536 - INFO - Created Momence lead: bekim.kaba@gmail.com
2026-01-08 19:14:07,383 - INFO - Created Momence lead: tamikasantiago81@gmail.com
2026-01-08 19:14:07,385 - INFO - Tracker saved with 2 entries
2026-01-08 19:14:07,385 - INFO - Monitor run completed
2026-01-08 19:22:26,484 - INFO - ==================================================
2026-01-08 19:22:26,484 - INFO - Lead Sheets Monitor (dry_run=False)
2026-01-08 19:22:26,484 - INFO - Tenants configured: ['TwinCities']
2026-01-08 19:22:26,484 - INFO - ==================================================
2026-01-08 19:22:26,484 - INFO - Loaded tracker with 2 entries
2026-01-08 19:22:26,484 - INFO - Connecting to Google Sheets API...
2026-01-08 19:22:26,509 - INFO - Connected
2026-01-08 19:22:27,724 - INFO - Checking sheet: Eden Prairie (gid=0, tenant=TwinCities)
2026-01-08 19:22:28,342 - INFO - Checking sheet: Savage (gid=22953747, tenant=TwinCities)
2026-01-08 19:22:28,929 - INFO - Checking sheet: Stamford (gid=870573817, tenant=TwinCities)
2026-01-08 19:22:29,139 - INFO - No new entries to process
2026-01-08 19:22:29,141 - INFO - Tracker saved with 2 entries
2026-01-08 19:22:29,142 - INFO - Monitor run completed
2026-01-08 19:22:32,748 - INFO - ==================================================
2026-01-08 19:22:32,748 - INFO - Lead Sheets Monitor (dry_run=False)
2026-01-08 19:22:32,748 - INFO - Tenants configured: ['TwinCities']
2026-01-08 19:22:32,748 - INFO - ==================================================
2026-01-08 19:22:32,749 - INFO - Loaded tracker with 2 entries
2026-01-08 19:22:32,749 - INFO - Connecting to Google Sheets API...
2026-01-08 19:22:32,776 - INFO - Connected
2026-01-08 19:22:33,884 - INFO - Checking sheet: Eden Prairie (gid=0, tenant=TwinCities)
2026-01-08 19:22:34,382 - INFO - Checking sheet: Savage (gid=22953747, tenant=TwinCities)
2026-01-08 19:22:35,197 - INFO - Checking sheet: Stamford (gid=870573817, tenant=TwinCities)
2026-01-08 19:22:35,468 - INFO - No new entries to process
2026-01-08 19:22:35,468 - INFO - Tracker saved with 2 entries
2026-01-08 19:22:35,468 - INFO - Monitor run completed
2026-01-08 19:22:49,136 - INFO - ==================================================
2026-01-08 19:22:49,136 - INFO - Lead Sheets Monitor (dry_run=False)
2026-01-08 19:22:49,137 - INFO - Tenants configured: ['TwinCities']
2026-01-08 19:22:49,137 - INFO - ==================================================
2026-01-08 19:22:49,138 - WARNING - Resetting tracker - all entries will be treated as new!
2026-01-08 19:22:49,138 - INFO - Connecting to Google Sheets API...
2026-01-08 19:22:49,164 - INFO - Connected
2026-01-08 19:22:50,151 - INFO - Checking sheet: Eden Prairie (gid=0, tenant=TwinCities)
2026-01-08 19:22:50,899 - INFO - Checking sheet: Savage (gid=22953747, tenant=TwinCities)
2026-01-08 19:22:51,684 - INFO - Checking sheet: Stamford (gid=870573817, tenant=TwinCities)
2026-01-08 19:22:52,109 - INFO -   NEW ENTRY at row 2
2026-01-08 19:22:52,109 - INFO -   NEW ENTRY at row 3
2026-01-08 19:22:52,109 - INFO - Processing 2 new entries
2026-01-08 19:22:53,164 - INFO - Created Momence lead for tenant 'TwinCities': bekim.kaba@gmail.com
2026-01-08 19:22:54,310 - INFO - Created Momence lead for tenant 'TwinCities': tamikasantiago81@gmail.com
2026-01-08 19:22:54,311 - INFO - Tracker saved with 2 entries
2026-01-08 19:22:54,311 - INFO - Monitor run completed
2026-01-08 19:23:34,534 - INFO - ==================================================
2026-01-08 19:23:34,534 - INFO - Lead Sheets Monitor (dry_run=False)
2026-01-08 19:23:34,534 - INFO - Tenants configured: ['TwinCities']
2026-01-08 19:23:34,534 - INFO - ==================================================
2026-01-08 19:23:34,534 - WARNING - Resetting tracker - all entries will be treated as new!
2026-01-08 19:23:34,534 - INFO - Connecting to Google Sheets API...
2026-01-08 19:23:34,560 - INFO - Connected
2026-01-08 19:23:35,656 - INFO - Checking sheet: Eden Prairie (gid=0, tenant=TwinCities)
2026-01-08 19:23:36,196 - INFO - Checking sheet: Savage (gid=22953747, tenant=TwinCities)
2026-01-08 19:23:36,384 - INFO - No new entries to process
2026-01-08 19:23:36,384 - INFO - Tracker saved with 0 entries
2026-01-08 19:23:36,384 - INFO - Monitor run completed
